[01m[K/home/rsa/tmp/COMP3431/src/wall_follower/src/wall_follower.cpp:[m[K In member function â€˜[01m[Kvoid WallFollower::scan_callback(sensor_msgs::msg::LaserScan_<std::allocator<void> >::SharedPtr)[m[Kâ€™:
[01m[K/home/rsa/tmp/COMP3431/src/wall_follower/src/wall_follower.cpp:122:13:[m[K [01;31m[Kerror: [m[Kâ€˜[01m[KCENTER[m[Kâ€™ was not declared in this scope
  122 |  scan_data_[[01;31m[KCENTER[m[K] = averageDistance(-5, msg);
      |             [01;31m[K^~~~~~[m[K
In file included from [01m[K/opt/ros/foxy/include/rclcpp/client.hpp:40[m[K,
                 from [01m[K/opt/ros/foxy/include/rclcpp/callback_group.hpp:23[m[K,
                 from [01m[K/opt/ros/foxy/include/rclcpp/any_executable.hpp:20[m[K,
                 from [01m[K/opt/ros/foxy/include/rclcpp/memory_strategy.hpp:24[m[K,
                 from [01m[K/opt/ros/foxy/include/rclcpp/memory_strategies.hpp:18[m[K,
                 from [01m[K/opt/ros/foxy/include/rclcpp/executor_options.hpp:20[m[K,
                 from [01m[K/opt/ros/foxy/include/rclcpp/executor.hpp:33[m[K,
                 from [01m[K/opt/ros/foxy/include/rclcpp/executors/multi_threaded_executor.hpp:26[m[K,
                 from [01m[K/opt/ros/foxy/include/rclcpp/executors.hpp:21[m[K,
                 from [01m[K/opt/ros/foxy/include/rclcpp/rclcpp.hpp:146[m[K,
                 from [01m[K/home/rsa/tmp/COMP3431/src/wall_follower/include/wall_follower/wall_follower.hpp:22[m[K,
                 from [01m[K/home/rsa/tmp/COMP3431/src/wall_follower/src/wall_follower.cpp:20[m[K:
[01m[K/home/rsa/tmp/COMP3431/src/wall_follower/src/wall_follower.cpp:[m[K In member function â€˜[01m[Kvoid WallFollower::update_callback()[m[Kâ€™:
[01m[K/home/rsa/tmp/COMP3431/src/wall_follower/src/wall_follower.cpp:150:61:[m[K [01;31m[Kerror: [m[Kâ€˜[01m[KCENTER[m[Kâ€™ was not declared in this scope
  150 |    RCLCPP_INFO(this->get_logger(), "CENTER: %f", scan_data_[[01;31m[KCENTER[m[K]);
      |                                                             [01;31m[K^~~~~~[m[K
[01m[K/home/rsa/tmp/COMP3431/src/wall_follower/src/wall_follower.cpp:155:19:[m[K [01;31m[Kerror: [m[Kâ€˜[01m[KCENTER[m[Kâ€™ was not declared in this scope
  155 |    if (scan_data_[[01;31m[KCENTER[m[K] < start && scan_data_[RIGHT] < start)
      |                   [01;31m[K^~~~~~[m[K
make[2]: *** [CMakeFiles/wall_follower.dir/build.make:63: CMakeFiles/wall_follower.dir/src/wall_follower.cpp.o] Error 1
make[1]: *** [CMakeFiles/Makefile2:78: CMakeFiles/wall_follower.dir/all] Error 2
make: *** [Makefile:141: all] Error 2
