[0.174s] Invoking command in '/home/rsa/tmp/COMP3431/build/wall_follower': CMAKE_PREFIX_PATH=${CMAKE_PREFIX_PATH}:/opt/ros/foxy /usr/bin/cmake /home/rsa/tmp/COMP3431/src/wall_follower -DCMAKE_INSTALL_PREFIX=/home/rsa/tmp/COMP3431/install/wall_follower
[0.223s] -- The C compiler identification is GNU 9.4.0
[0.268s] -- The CXX compiler identification is GNU 9.4.0
[0.272s] -- Check for working C compiler: /usr/bin/cc
[0.328s] -- Check for working C compiler: /usr/bin/cc -- works
[0.329s] -- Detecting C compiler ABI info
[0.386s] -- Detecting C compiler ABI info - done
[0.396s] -- Detecting C compile features
[0.396s] -- Detecting C compile features - done
[0.398s] -- Check for working CXX compiler: /usr/bin/c++
[0.470s] -- Check for working CXX compiler: /usr/bin/c++ -- works
[0.471s] -- Detecting CXX compiler ABI info
[0.537s] -- Detecting CXX compiler ABI info - done
[0.548s] -- Detecting CXX compile features
[0.548s] -- Detecting CXX compile features - done
[0.550s] -- Found ament_cmake: 0.9.9 (/opt/ros/foxy/share/ament_cmake/cmake)
[0.570s] -- Found PythonInterp: /usr/bin/python3 (found suitable version "3.8.10", minimum required is "3") 
[0.570s] -- Using PYTHON_EXECUTABLE: /usr/bin/python3
[0.722s] -- Found geometry_msgs: 2.0.5 (/opt/ros/foxy/share/geometry_msgs/cmake)
[0.750s] -- Using all available rosidl_typesupport_c: rosidl_typesupport_fastrtps_c;rosidl_typesupport_introspection_c
[0.756s] -- Found rosidl_adapter: 1.2.1 (/opt/ros/foxy/share/rosidl_adapter/cmake)
[0.823s] -- Found OpenSSL: /usr/lib/x86_64-linux-gnu/libcrypto.so (found version "1.1.1f")  
[0.851s] -- Found FastRTPS: /opt/ros/foxy/include  
[0.922s] -- Using all available rosidl_typesupport_cpp: rosidl_typesupport_fastrtps_cpp;rosidl_typesupport_introspection_cpp
[1.001s] -- Found nav_msgs: 2.0.5 (/opt/ros/foxy/share/nav_msgs/cmake)
[1.065s] -- Found rclcpp: 2.4.1 (/opt/ros/foxy/share/rclcpp/cmake)
[1.103s] -- Found rmw_implementation_cmake: 1.0.3 (/opt/ros/foxy/share/rmw_implementation_cmake/cmake)
[1.105s] -- Using RMW implementation 'rmw_fastrtps_cpp' as default
[1.105s] -- Looking for pthread.h
[1.167s] -- Looking for pthread.h - found
[1.167s] -- Performing Test CMAKE_HAVE_LIBC_PTHREAD
[1.229s] -- Performing Test CMAKE_HAVE_LIBC_PTHREAD - Failed
[1.229s] -- Looking for pthread_create in pthreads
[1.278s] -- Looking for pthread_create in pthreads - not found
[1.278s] -- Looking for pthread_create in pthread
[1.336s] -- Looking for pthread_create in pthread - found
[1.337s] -- Found Threads: TRUE  
[1.468s] -- Found sensor_msgs: 2.0.5 (/opt/ros/foxy/share/sensor_msgs/cmake)
[1.532s] -- Found tf2: 0.13.13 (/opt/ros/foxy/share/tf2/cmake)
[1.594s] -- Configuring done
[1.602s] -- Generating done
[1.604s] -- Build files have been written to: /home/rsa/tmp/COMP3431/build/wall_follower
[1.610s] Invoked command in '/home/rsa/tmp/COMP3431/build/wall_follower' returned '0': CMAKE_PREFIX_PATH=${CMAKE_PREFIX_PATH}:/opt/ros/foxy /usr/bin/cmake /home/rsa/tmp/COMP3431/src/wall_follower -DCMAKE_INSTALL_PREFIX=/home/rsa/tmp/COMP3431/install/wall_follower
[1.613s] Invoking command in '/home/rsa/tmp/COMP3431/build/wall_follower': CMAKE_PREFIX_PATH=${CMAKE_PREFIX_PATH}:/opt/ros/foxy /usr/bin/cmake --build /home/rsa/tmp/COMP3431/build/wall_follower -- -j6 -l6
[1.647s] [35m[1mScanning dependencies of target wall_follower[0m
[1.677s] [ 50%] [32mBuilding CXX object CMakeFiles/wall_follower.dir/src/wall_follower.cpp.o[0m
[2.779s] [01m[K/home/rsa/tmp/COMP3431/src/wall_follower/src/wall_follower.cpp:[m[K In member function â€˜[01m[Kvoid WallFollower::scan_callback(sensor_msgs::msg::LaserScan_<std::allocator<void> >::SharedPtr)[m[Kâ€™:
[2.779s] [01m[K/home/rsa/tmp/COMP3431/src/wall_follower/src/wall_follower.cpp:122:13:[m[K [01;31m[Kerror: [m[Kâ€˜[01m[KCENTER[m[Kâ€™ was not declared in this scope
[2.779s]   122 |  scan_data_[[01;31m[KCENTER[m[K] = averageDistance(-5, msg);
[2.779s]       |             [01;31m[K^~~~~~[m[K
[2.787s] In file included from [01m[K/opt/ros/foxy/include/rclcpp/client.hpp:40[m[K,
[2.787s]                  from [01m[K/opt/ros/foxy/include/rclcpp/callback_group.hpp:23[m[K,
[2.787s]                  from [01m[K/opt/ros/foxy/include/rclcpp/any_executable.hpp:20[m[K,
[2.787s]                  from [01m[K/opt/ros/foxy/include/rclcpp/memory_strategy.hpp:24[m[K,
[2.787s]                  from [01m[K/opt/ros/foxy/include/rclcpp/memory_strategies.hpp:18[m[K,
[2.787s]                  from [01m[K/opt/ros/foxy/include/rclcpp/executor_options.hpp:20[m[K,
[2.787s]                  from [01m[K/opt/ros/foxy/include/rclcpp/executor.hpp:33[m[K,
[2.787s]                  from [01m[K/opt/ros/foxy/include/rclcpp/executors/multi_threaded_executor.hpp:26[m[K,
[2.787s]                  from [01m[K/opt/ros/foxy/include/rclcpp/executors.hpp:21[m[K,
[2.787s]                  from [01m[K/opt/ros/foxy/include/rclcpp/rclcpp.hpp:146[m[K,
[2.787s]                  from [01m[K/home/rsa/tmp/COMP3431/src/wall_follower/include/wall_follower/wall_follower.hpp:22[m[K,
[2.787s]                  from [01m[K/home/rsa/tmp/COMP3431/src/wall_follower/src/wall_follower.cpp:20[m[K:
[2.787s] [01m[K/home/rsa/tmp/COMP3431/src/wall_follower/src/wall_follower.cpp:[m[K In member function â€˜[01m[Kvoid WallFollower::update_callback()[m[Kâ€™:
[2.787s] [01m[K/home/rsa/tmp/COMP3431/src/wall_follower/src/wall_follower.cpp:150:61:[m[K [01;31m[Kerror: [m[Kâ€˜[01m[KCENTER[m[Kâ€™ was not declared in this scope
[2.788s]   150 |    RCLCPP_INFO(this->get_logger(), "CENTER: %f", scan_data_[[01;31m[KCENTER[m[K]);
[2.788s]       |                                                             [01;31m[K^~~~~~[m[K
[2.788s] [01m[K/home/rsa/tmp/COMP3431/src/wall_follower/src/wall_follower.cpp:155:19:[m[K [01;31m[Kerror: [m[Kâ€˜[01m[KCENTER[m[Kâ€™ was not declared in this scope
[2.788s]   155 |    if (scan_data_[[01;31m[KCENTER[m[K] < start && scan_data_[RIGHT] < start)
[2.788s]       |                   [01;31m[K^~~~~~[m[K
[4.500s] make[2]: *** [CMakeFiles/wall_follower.dir/build.make:63: CMakeFiles/wall_follower.dir/src/wall_follower.cpp.o] Error 1
[4.500s] make[1]: *** [CMakeFiles/Makefile2:78: CMakeFiles/wall_follower.dir/all] Error 2
[4.500s] make: *** [Makefile:141: all] Error 2
[4.502s] Invoked command in '/home/rsa/tmp/COMP3431/build/wall_follower' returned '2': CMAKE_PREFIX_PATH=${CMAKE_PREFIX_PATH}:/opt/ros/foxy /usr/bin/cmake --build /home/rsa/tmp/COMP3431/build/wall_follower -- -j6 -l6
